2024-06-06 14:18:49,211 INFO  [Log] **************************************************************************************** 
2024-06-06 14:18:49,213 INFO  [Log] **************************************************************************************** 
2024-06-06 14:18:49,214 INFO  [Log] $$$$$$$$$$$$$$$$$$$$$                 Login: Valid Test Scenario
       $$$$$$$$$$$$$$$$$$$$$$$$$ 
2024-06-06 14:18:49,214 INFO  [Log] **************************************************************************************** 
2024-06-06 14:18:49,214 INFO  [Log] **************************************************************************************** 
2024-06-06 14:18:49,214 INFO  [Log] Username entered 
2024-06-06 14:18:49,259 INFO  [Log] Password entered 
2024-06-06 14:43:29,462 INFO  [Log] **************************************************************************************** 
2024-06-06 14:43:29,462 INFO  [Log] **************************************************************************************** 
2024-06-06 14:43:29,462 INFO  [Log] $$$$$$$$$$$$$$$$$$$$$                 Login: Valid Test Scenario
       $$$$$$$$$$$$$$$$$$$$$$$$$ 
2024-06-06 14:43:29,462 INFO  [Log] **************************************************************************************** 
2024-06-06 14:43:29,462 INFO  [Log] **************************************************************************************** 
2024-06-06 14:43:29,462 INFO  [Log] Username entered 
2024-06-06 14:43:29,534 INFO  [Log] Password entered 
2024-06-06 14:54:17,589 INFO  [Log] **************************************************************************************** 
2024-06-06 14:54:17,591 INFO  [Log] **************************************************************************************** 
2024-06-06 14:54:17,591 INFO  [Log] $$$$$$$$$$$$$$$$$$$$$                 Login: Valid Test Scenario
       $$$$$$$$$$$$$$$$$$$$$$$$$ 
2024-06-06 14:54:17,591 INFO  [Log] **************************************************************************************** 
2024-06-06 14:54:17,591 INFO  [Log] **************************************************************************************** 
2024-06-06 14:54:17,591 INFO  [Log] Username entered 
2024-06-06 14:54:17,665 INFO  [Log] Password entered 
2024-06-06 15:04:41,026 INFO  [Log] **************************************************************************************** 
2024-06-06 15:04:41,029 INFO  [Log] **************************************************************************************** 
2024-06-06 15:04:41,029 INFO  [Log] $$$$$$$$$$$$$$$$$$$$$                 Login: Valid Test Scenario
       $$$$$$$$$$$$$$$$$$$$$$$$$ 
2024-06-06 15:04:41,029 INFO  [Log] **************************************************************************************** 
2024-06-06 15:04:41,029 INFO  [Log] **************************************************************************************** 
2024-06-06 15:04:41,029 INFO  [Log] Username entered 
2024-06-06 15:04:41,107 INFO  [Log] Password entered 
2024-06-06 15:10:28,972 INFO  [Log] **************************************************************************************** 
2024-06-06 15:10:28,989 INFO  [Log] **************************************************************************************** 
2024-06-06 15:10:28,989 INFO  [Log] $$$$$$$$$$$$$$$$$$$$$                 Login: Valid Test Scenario
       $$$$$$$$$$$$$$$$$$$$$$$$$ 
2024-06-06 15:10:28,989 INFO  [Log] **************************************************************************************** 
2024-06-06 15:10:28,989 INFO  [Log] **************************************************************************************** 
2024-06-06 15:10:28,989 INFO  [Log] Username entered 
2024-06-06 15:10:29,062 INFO  [Log] Password entered 
2024-06-06 15:19:01,780 INFO  [Log] **************************************************************************************** 
2024-06-06 15:19:01,780 INFO  [Log] **************************************************************************************** 
2024-06-06 15:19:01,780 INFO  [Log] $$$$$$$$$$$$$$$$$$$$$                 Login: Valid Test Scenario
       $$$$$$$$$$$$$$$$$$$$$$$$$ 
2024-06-06 15:19:01,780 INFO  [Log] **************************************************************************************** 
2024-06-06 15:19:01,780 INFO  [Log] **************************************************************************************** 
2024-06-06 15:19:01,780 INFO  [Log] Username entered 
2024-06-06 15:19:01,856 INFO  [Log] Password entered 
2024-06-06 15:21:29,938 INFO  [Log] **************************************************************************************** 
2024-06-06 15:21:29,941 INFO  [Log] **************************************************************************************** 
2024-06-06 15:21:29,941 INFO  [Log] $$$$$$$$$$$$$$$$$$$$$                 Login: Valid Test Scenario
       $$$$$$$$$$$$$$$$$$$$$$$$$ 
2024-06-06 15:21:29,941 INFO  [Log] **************************************************************************************** 
2024-06-06 15:21:29,941 INFO  [Log] **************************************************************************************** 
2024-06-06 15:21:29,941 INFO  [Log] Username entered 
2024-06-06 15:21:30,012 INFO  [Log] Password entered 
2024-06-06 15:27:02,602 INFO  [Log] **************************************************************************************** 
2024-06-06 15:27:02,605 INFO  [Log] **************************************************************************************** 
2024-06-06 15:27:02,605 INFO  [Log] $$$$$$$$$$$$$$$$$$$$$                 Login: Valid Test Scenario
       $$$$$$$$$$$$$$$$$$$$$$$$$ 
2024-06-06 15:27:02,605 INFO  [Log] **************************************************************************************** 
2024-06-06 15:27:02,605 INFO  [Log] **************************************************************************************** 
2024-06-06 15:27:02,606 INFO  [Log] Username entered 
2024-06-06 15:27:02,675 INFO  [Log] Password entered 
2024-06-06 15:28:54,468 INFO  [Log] **************************************************************************************** 
2024-06-06 15:28:54,468 INFO  [Log] **************************************************************************************** 
2024-06-06 15:28:54,468 INFO  [Log] $$$$$$$$$$$$$$$$$$$$$                 Login: Valid Test Scenario
       $$$$$$$$$$$$$$$$$$$$$$$$$ 
2024-06-06 15:28:54,468 INFO  [Log] **************************************************************************************** 
2024-06-06 15:28:54,468 INFO  [Log] **************************************************************************************** 
2024-06-06 15:28:54,468 INFO  [Log] Username entered 
2024-06-06 15:28:54,545 INFO  [Log] Password entered 
2024-06-06 15:49:44,485 INFO  [Log] **************************************************************************************** 
2024-06-06 15:49:44,487 INFO  [Log] **************************************************************************************** 
2024-06-06 15:49:44,487 INFO  [Log] $$$$$$$$$$$$$$$$$$$$$                 Login: Valid Test Scenario
       $$$$$$$$$$$$$$$$$$$$$$$$$ 
2024-06-06 15:49:44,487 INFO  [Log] **************************************************************************************** 
2024-06-06 15:49:44,487 INFO  [Log] **************************************************************************************** 
2024-06-06 15:49:44,487 INFO  [Log] Username entered 
2024-06-06 15:49:44,555 INFO  [Log] Password entered 
2024-06-06 15:52:44,457 INFO  [Log] **************************************************************************************** 
2024-06-06 15:52:44,457 INFO  [Log] **************************************************************************************** 
2024-06-06 15:52:44,457 INFO  [Log] $$$$$$$$$$$$$$$$$$$$$                 Login: Valid Test Scenario
       $$$$$$$$$$$$$$$$$$$$$$$$$ 
2024-06-06 15:52:44,457 INFO  [Log] **************************************************************************************** 
2024-06-06 15:52:44,457 INFO  [Log] **************************************************************************************** 
2024-06-06 15:52:44,457 INFO  [Log] Username entered 
2024-06-06 15:52:44,533 INFO  [Log] Password entered 
2024-06-06 16:01:47,428 INFO  [Log] **************************************************************************************** 
2024-06-06 16:01:47,431 INFO  [Log] **************************************************************************************** 
2024-06-06 16:01:47,431 INFO  [Log] $$$$$$$$$$$$$$$$$$$$$                 Login: Valid Test Scenario
       $$$$$$$$$$$$$$$$$$$$$$$$$ 
2024-06-06 16:01:47,431 INFO  [Log] **************************************************************************************** 
2024-06-06 16:01:47,431 INFO  [Log] **************************************************************************************** 
2024-06-06 16:01:47,431 INFO  [Log] Username entered 
2024-06-06 16:01:47,509 INFO  [Log] Password entered 
2024-06-06 16:07:14,582 INFO  [Log] **************************************************************************************** 
2024-06-06 16:07:14,582 INFO  [Log] **************************************************************************************** 
2024-06-06 16:07:14,582 INFO  [Log] $$$$$$$$$$$$$$$$$$$$$                 Login: Valid Test Scenario
       $$$$$$$$$$$$$$$$$$$$$$$$$ 
2024-06-06 16:07:14,582 INFO  [Log] **************************************************************************************** 
2024-06-06 16:07:14,582 INFO  [Log] **************************************************************************************** 
2024-06-06 16:07:14,582 INFO  [Log] Username entered 
2024-06-06 16:07:14,661 INFO  [Log] Password entered 
2024-06-06 16:28:48,513 INFO  [Log] **************************************************************************************** 
2024-06-06 16:28:48,514 INFO  [Log] **************************************************************************************** 
2024-06-06 16:28:48,514 INFO  [Log] $$$$$$$$$$$$$$$$$$$$$                 Login: Valid Test Scenario
       $$$$$$$$$$$$$$$$$$$$$$$$$ 
2024-06-06 16:28:48,514 INFO  [Log] **************************************************************************************** 
2024-06-06 16:28:48,514 INFO  [Log] **************************************************************************************** 
2024-06-06 16:28:48,514 INFO  [Log] Username entered 
2024-06-06 16:28:48,586 INFO  [Log] Password entered 
2024-06-06 16:31:16,006 INFO  [Log] **************************************************************************************** 
2024-06-06 16:31:16,022 INFO  [Log] **************************************************************************************** 
2024-06-06 16:31:16,022 INFO  [Log] $$$$$$$$$$$$$$$$$$$$$                 Login: Valid Test Scenario
       $$$$$$$$$$$$$$$$$$$$$$$$$ 
2024-06-06 16:31:16,022 INFO  [Log] **************************************************************************************** 
2024-06-06 16:31:16,022 INFO  [Log] **************************************************************************************** 
2024-06-06 16:31:16,023 INFO  [Log] Username entered 
2024-06-06 16:31:16,093 INFO  [Log] Password entered 
2024-06-06 16:39:28,490 INFO  [Log] **************************************************************************************** 
2024-06-06 16:39:28,490 INFO  [Log] **************************************************************************************** 
2024-06-06 16:39:28,490 INFO  [Log] $$$$$$$$$$$$$$$$$$$$$                 Login: Valid Test Scenario
       $$$$$$$$$$$$$$$$$$$$$$$$$ 
2024-06-06 16:39:28,490 INFO  [Log] **************************************************************************************** 
2024-06-06 16:39:28,490 INFO  [Log] **************************************************************************************** 
2024-06-06 16:39:28,490 INFO  [Log] Username entered 
2024-06-06 16:39:28,572 INFO  [Log] Password entered 
2024-06-06 16:48:20,564 INFO  [Log] **************************************************************************************** 
2024-06-06 16:48:20,564 INFO  [Log] **************************************************************************************** 
2024-06-06 16:48:20,564 INFO  [Log] $$$$$$$$$$$$$$$$$$$$$                 Login: Valid Test Scenario
       $$$$$$$$$$$$$$$$$$$$$$$$$ 
2024-06-06 16:48:20,564 INFO  [Log] **************************************************************************************** 
2024-06-06 16:48:20,564 INFO  [Log] **************************************************************************************** 
2024-06-06 16:48:20,564 INFO  [Log] Username entered 
2024-06-06 16:48:20,645 INFO  [Log] Password entered 
2024-06-06 16:51:34,125 INFO  [Log] **************************************************************************************** 
2024-06-06 16:51:34,125 INFO  [Log] **************************************************************************************** 
2024-06-06 16:51:34,125 INFO  [Log] $$$$$$$$$$$$$$$$$$$$$                 Login: Valid Test Scenario
       $$$$$$$$$$$$$$$$$$$$$$$$$ 
2024-06-06 16:51:34,125 INFO  [Log] **************************************************************************************** 
2024-06-06 16:51:34,125 INFO  [Log] **************************************************************************************** 
2024-06-06 16:51:34,125 INFO  [Log] Username entered 
2024-06-06 16:51:34,210 INFO  [Log] Password entered 
2024-06-06 16:58:59,461 INFO  [Log] **************************************************************************************** 
2024-06-06 16:58:59,464 INFO  [Log] **************************************************************************************** 
2024-06-06 16:58:59,465 INFO  [Log] $$$$$$$$$$$$$$$$$$$$$                 Login: Valid Test Scenario
       $$$$$$$$$$$$$$$$$$$$$$$$$ 
2024-06-06 16:58:59,465 INFO  [Log] **************************************************************************************** 
2024-06-06 16:58:59,465 INFO  [Log] **************************************************************************************** 
2024-06-06 16:58:59,465 INFO  [Log] Username entered 
2024-06-06 16:58:59,536 INFO  [Log] Password entered 
2024-06-06 17:05:08,394 INFO  [Log] **************************************************************************************** 
2024-06-06 17:05:08,394 INFO  [Log] **************************************************************************************** 
2024-06-06 17:05:08,394 INFO  [Log] $$$$$$$$$$$$$$$$$$$$$                 Login: Valid Test Scenario
       $$$$$$$$$$$$$$$$$$$$$$$$$ 
2024-06-06 17:05:08,394 INFO  [Log] **************************************************************************************** 
2024-06-06 17:05:08,394 INFO  [Log] **************************************************************************************** 
2024-06-06 17:05:08,394 INFO  [Log] Username entered 
2024-06-06 17:05:08,476 INFO  [Log] Password entered 
2024-06-06 17:07:04,911 INFO  [Log] **************************************************************************************** 
2024-06-06 17:07:04,914 INFO  [Log] **************************************************************************************** 
2024-06-06 17:07:04,914 INFO  [Log] $$$$$$$$$$$$$$$$$$$$$                 Login: Valid Test Scenario
       $$$$$$$$$$$$$$$$$$$$$$$$$ 
2024-06-06 17:07:04,914 INFO  [Log] **************************************************************************************** 
2024-06-06 17:07:04,914 INFO  [Log] **************************************************************************************** 
2024-06-06 17:07:04,914 INFO  [Log] Username entered 
2024-06-06 17:07:04,983 INFO  [Log] Password entered 
2024-06-06 17:23:40,438 INFO  [Log] **************************************************************************************** 
2024-06-06 17:23:40,440 INFO  [Log] **************************************************************************************** 
2024-06-06 17:23:40,441 INFO  [Log] $$$$$$$$$$$$$$$$$$$$$                 Login: Valid Test Scenario
       $$$$$$$$$$$$$$$$$$$$$$$$$ 
2024-06-06 17:23:40,441 INFO  [Log] **************************************************************************************** 
2024-06-06 17:23:40,441 INFO  [Log] **************************************************************************************** 
2024-06-06 17:23:40,441 INFO  [Log] Username entered 
2024-06-06 17:23:40,514 INFO  [Log] Password entered 
2024-06-06 17:29:41,403 INFO  [Log] **************************************************************************************** 
2024-06-06 17:29:41,406 INFO  [Log] **************************************************************************************** 
2024-06-06 17:29:41,406 INFO  [Log] $$$$$$$$$$$$$$$$$$$$$                 Login: Valid Test Scenario
       $$$$$$$$$$$$$$$$$$$$$$$$$ 
2024-06-06 17:29:41,406 INFO  [Log] **************************************************************************************** 
2024-06-06 17:29:41,407 INFO  [Log] **************************************************************************************** 
2024-06-06 17:29:41,407 INFO  [Log] Username entered 
2024-06-06 17:29:41,479 INFO  [Log] Password entered 
2024-06-06 17:38:02,968 INFO  [Log] **************************************************************************************** 
2024-06-06 17:38:02,971 INFO  [Log] **************************************************************************************** 
2024-06-06 17:38:02,971 INFO  [Log] $$$$$$$$$$$$$$$$$$$$$                 Login: Valid Test Scenario
       $$$$$$$$$$$$$$$$$$$$$$$$$ 
2024-06-06 17:38:02,971 INFO  [Log] **************************************************************************************** 
2024-06-06 17:38:02,971 INFO  [Log] **************************************************************************************** 
2024-06-06 17:38:02,971 INFO  [Log] Username entered 
2024-06-06 17:38:03,042 INFO  [Log] Password entered 
2024-06-06 17:43:49,090 INFO  [Log] **************************************************************************************** 
2024-06-06 17:43:49,093 INFO  [Log] **************************************************************************************** 
2024-06-06 17:43:49,093 INFO  [Log] $$$$$$$$$$$$$$$$$$$$$                 Login: Valid Test Scenario
       $$$$$$$$$$$$$$$$$$$$$$$$$ 
2024-06-06 17:43:49,093 INFO  [Log] **************************************************************************************** 
2024-06-06 17:43:49,093 INFO  [Log] **************************************************************************************** 
2024-06-06 17:43:49,093 INFO  [Log] Username entered 
2024-06-06 17:43:49,167 INFO  [Log] Password entered 
2024-06-06 17:44:37,717 INFO  [Log] **************************************************************************************** 
2024-06-06 17:44:37,724 INFO  [Log] **************************************************************************************** 
2024-06-06 17:44:37,724 INFO  [Log] $$$$$$$$$$$$$$$$$$$$$                 Login: Valid Test Scenario
       $$$$$$$$$$$$$$$$$$$$$$$$$ 
2024-06-06 17:44:37,724 INFO  [Log] **************************************************************************************** 
2024-06-06 17:44:37,724 INFO  [Log] **************************************************************************************** 
2024-06-06 17:44:37,724 INFO  [Log] Username entered 
2024-06-06 17:44:37,797 INFO  [Log] Password entered 
2024-06-06 17:49:01,802 INFO  [Log] **************************************************************************************** 
2024-06-06 17:49:01,820 INFO  [Log] **************************************************************************************** 
2024-06-06 17:49:01,820 INFO  [Log] $$$$$$$$$$$$$$$$$$$$$                 Login: Valid Test Scenario
       $$$$$$$$$$$$$$$$$$$$$$$$$ 
2024-06-06 17:49:01,820 INFO  [Log] **************************************************************************************** 
2024-06-06 17:49:01,820 INFO  [Log] **************************************************************************************** 
2024-06-06 17:49:01,820 INFO  [Log] Username entered 
2024-06-06 17:49:01,886 INFO  [Log] Password entered 
2024-06-06 17:58:31,871 INFO  [Log] **************************************************************************************** 
2024-06-06 17:58:31,872 INFO  [Log] **************************************************************************************** 
2024-06-06 17:58:31,874 INFO  [Log] $$$$$$$$$$$$$$$$$$$$$                 Login: Valid Test Scenario
       $$$$$$$$$$$$$$$$$$$$$$$$$ 
2024-06-06 17:58:31,874 INFO  [Log] **************************************************************************************** 
2024-06-06 17:58:31,874 INFO  [Log] **************************************************************************************** 
2024-06-06 17:58:31,874 INFO  [Log] Username entered 
2024-06-06 17:58:31,945 INFO  [Log] Password entered 
2024-06-06 17:59:03,183 INFO  [Log] **************************************************************************************** 
2024-06-06 17:59:03,183 INFO  [Log] **************************************************************************************** 
2024-06-06 17:59:03,183 INFO  [Log] $$$$$$$$$$$$$$$$$$$$$                 Login: Valid Test Scenario
       $$$$$$$$$$$$$$$$$$$$$$$$$ 
2024-06-06 17:59:03,183 INFO  [Log] **************************************************************************************** 
2024-06-06 17:59:03,183 INFO  [Log] **************************************************************************************** 
2024-06-06 17:59:03,183 INFO  [Log] Username entered 
2024-06-06 17:59:03,252 INFO  [Log] Password entered 
2024-06-06 17:59:33,090 INFO  [Log] **************************************************************************************** 
2024-06-06 17:59:33,090 INFO  [Log] **************************************************************************************** 
2024-06-06 17:59:33,090 INFO  [Log] $$$$$$$$$$$$$$$$$$$$$                 Login: Valid Test Scenario
       $$$$$$$$$$$$$$$$$$$$$$$$$ 
2024-06-06 17:59:33,090 INFO  [Log] **************************************************************************************** 
2024-06-06 17:59:33,090 INFO  [Log] **************************************************************************************** 
2024-06-06 17:59:33,090 INFO  [Log] Username entered 
2024-06-06 17:59:33,158 INFO  [Log] Password entered 
2024-06-06 18:00:03,563 INFO  [Log] **************************************************************************************** 
2024-06-06 18:00:03,563 INFO  [Log] **************************************************************************************** 
2024-06-06 18:00:03,564 INFO  [Log] $$$$$$$$$$$$$$$$$$$$$                 Login: Valid Test Scenario
       $$$$$$$$$$$$$$$$$$$$$$$$$ 
2024-06-06 18:00:03,564 INFO  [Log] **************************************************************************************** 
2024-06-06 18:00:03,564 INFO  [Log] **************************************************************************************** 
2024-06-06 18:00:03,564 INFO  [Log] Username entered 
2024-06-06 18:00:03,637 INFO  [Log] Password entered 
2024-06-06 18:00:34,262 INFO  [Log] **************************************************************************************** 
2024-06-06 18:00:34,262 INFO  [Log] **************************************************************************************** 
2024-06-06 18:00:34,262 INFO  [Log] $$$$$$$$$$$$$$$$$$$$$                 Login: Valid Test Scenario
       $$$$$$$$$$$$$$$$$$$$$$$$$ 
2024-06-06 18:00:34,262 INFO  [Log] **************************************************************************************** 
2024-06-06 18:00:34,262 INFO  [Log] **************************************************************************************** 
2024-06-06 18:00:34,262 INFO  [Log] Username entered 
2024-06-06 18:00:34,328 INFO  [Log] Password entered 
2024-06-06 18:01:15,738 INFO  [Log] **************************************************************************************** 
2024-06-06 18:01:15,738 INFO  [Log] **************************************************************************************** 
2024-06-06 18:01:15,738 INFO  [Log] $$$$$$$$$$$$$$$$$$$$$                 Login: Valid Test Scenario
       $$$$$$$$$$$$$$$$$$$$$$$$$ 
2024-06-06 18:01:15,738 INFO  [Log] **************************************************************************************** 
2024-06-06 18:01:15,738 INFO  [Log] **************************************************************************************** 
2024-06-06 18:01:15,738 INFO  [Log] Username entered 
2024-06-06 18:01:15,796 INFO  [Log] Password entered 
2024-06-06 18:02:27,586 INFO  [Log] **************************************************************************************** 
2024-06-06 18:02:27,586 INFO  [Log] **************************************************************************************** 
2024-06-06 18:02:27,586 INFO  [Log] $$$$$$$$$$$$$$$$$$$$$                 Login: Valid Test Scenario
       $$$$$$$$$$$$$$$$$$$$$$$$$ 
2024-06-06 18:02:27,586 INFO  [Log] **************************************************************************************** 
2024-06-06 18:02:27,586 INFO  [Log] **************************************************************************************** 
2024-06-06 18:02:27,586 INFO  [Log] Username entered 
2024-06-06 18:02:27,654 INFO  [Log] Password entered 
2024-06-06 18:02:56,542 INFO  [Log] **************************************************************************************** 
2024-06-06 18:02:56,543 INFO  [Log] **************************************************************************************** 
2024-06-06 18:02:56,543 INFO  [Log] $$$$$$$$$$$$$$$$$$$$$                 Login: Valid Test Scenario
       $$$$$$$$$$$$$$$$$$$$$$$$$ 
2024-06-06 18:02:56,543 INFO  [Log] **************************************************************************************** 
2024-06-06 18:02:56,543 INFO  [Log] **************************************************************************************** 
2024-06-06 18:02:56,543 INFO  [Log] Username entered 
2024-06-06 18:02:56,610 INFO  [Log] Password entered 
2024-06-06 18:03:28,966 INFO  [Log] **************************************************************************************** 
2024-06-06 18:03:28,966 INFO  [Log] **************************************************************************************** 
2024-06-06 18:03:28,966 INFO  [Log] $$$$$$$$$$$$$$$$$$$$$                 Login: Valid Test Scenario
       $$$$$$$$$$$$$$$$$$$$$$$$$ 
2024-06-06 18:03:28,966 INFO  [Log] **************************************************************************************** 
2024-06-06 18:03:28,966 INFO  [Log] **************************************************************************************** 
2024-06-06 18:03:28,966 INFO  [Log] Username entered 
2024-06-06 18:03:29,035 INFO  [Log] Password entered 
2024-06-11 13:39:34,199 INFO  [Log] **************************************************************************************** 
2024-06-11 13:39:34,202 INFO  [Log] **************************************************************************************** 
2024-06-11 13:39:34,202 INFO  [Log] $$$$$$$$$$$$$$$$$$$$$                 Login: Valid Test Scenario
       $$$$$$$$$$$$$$$$$$$$$$$$$ 
2024-06-11 13:39:34,202 INFO  [Log] **************************************************************************************** 
2024-06-11 13:39:34,202 INFO  [Log] **************************************************************************************** 
2024-06-11 13:39:34,202 INFO  [Log] Username entered 
2024-06-11 13:39:34,253 INFO  [Log] Password entered 
2024-06-12 12:58:30,476 INFO  [Log] **************************************************************************************** 
2024-06-12 12:58:30,479 INFO  [Log] **************************************************************************************** 
2024-06-12 12:58:30,479 INFO  [Log] $$$$$$$$$$$$$$$$$$$$$                 Login: Valid Test Scenario
       $$$$$$$$$$$$$$$$$$$$$$$$$ 
2024-06-12 12:58:30,479 INFO  [Log] **************************************************************************************** 
2024-06-12 12:58:30,479 INFO  [Log] **************************************************************************************** 
2024-06-12 12:58:30,479 INFO  [Log] Username entered 
2024-06-12 12:58:30,548 INFO  [Log] Password entered 
2024-06-12 13:01:56,150 INFO  [Log] **************************************************************************************** 
2024-06-12 13:01:56,153 INFO  [Log] **************************************************************************************** 
2024-06-12 13:01:56,153 INFO  [Log] $$$$$$$$$$$$$$$$$$$$$                 Login: Valid Test Scenario
       $$$$$$$$$$$$$$$$$$$$$$$$$ 
2024-06-12 13:01:56,153 INFO  [Log] **************************************************************************************** 
2024-06-12 13:01:56,153 INFO  [Log] **************************************************************************************** 
2024-06-12 13:01:56,153 INFO  [Log] Username entered 
2024-06-12 13:01:56,224 INFO  [Log] Password entered 
2024-06-12 13:07:41,476 INFO  [Log] **************************************************************************************** 
2024-06-12 13:07:41,479 INFO  [Log] **************************************************************************************** 
2024-06-12 13:07:41,479 INFO  [Log] $$$$$$$$$$$$$$$$$$$$$                 Login: Valid Test Scenario
       $$$$$$$$$$$$$$$$$$$$$$$$$ 
2024-06-12 13:07:41,479 INFO  [Log] **************************************************************************************** 
2024-06-12 13:07:41,479 INFO  [Log] **************************************************************************************** 
2024-06-12 13:07:41,479 INFO  [Log] Username entered 
2024-06-12 13:07:41,550 INFO  [Log] Password entered 
2024-06-12 13:12:54,209 INFO  [Log] **************************************************************************************** 
2024-06-12 13:12:54,212 INFO  [Log] **************************************************************************************** 
2024-06-12 13:12:54,212 INFO  [Log] $$$$$$$$$$$$$$$$$$$$$                 Login: Valid Test Scenario
       $$$$$$$$$$$$$$$$$$$$$$$$$ 
2024-06-12 13:12:54,212 INFO  [Log] **************************************************************************************** 
2024-06-12 13:12:54,212 INFO  [Log] **************************************************************************************** 
2024-06-12 13:12:54,212 INFO  [Log] Username entered 
2024-06-12 13:12:54,282 INFO  [Log] Password entered 
2024-06-12 13:21:04,491 INFO  [Log] **************************************************************************************** 
2024-06-12 13:21:04,493 INFO  [Log] **************************************************************************************** 
2024-06-12 13:21:04,494 INFO  [Log] $$$$$$$$$$$$$$$$$$$$$                 Login: Valid Test Scenario
       $$$$$$$$$$$$$$$$$$$$$$$$$ 
2024-06-12 13:21:04,494 INFO  [Log] **************************************************************************************** 
2024-06-12 13:21:04,494 INFO  [Log] **************************************************************************************** 
2024-06-12 13:21:04,494 INFO  [Log] Username entered 
2024-06-12 13:21:04,562 INFO  [Log] Password entered 
2024-06-12 16:13:47,145 INFO  [Log] **************************************************************************************** 
2024-06-12 16:13:47,145 INFO  [Log] **************************************************************************************** 
2024-06-12 16:13:47,153 INFO  [Log] $$$$$$$$$$$$$$$$$$$$$                 Login: Valid Test Scenario
       $$$$$$$$$$$$$$$$$$$$$$$$$ 
2024-06-12 16:13:47,153 INFO  [Log] **************************************************************************************** 
2024-06-12 16:13:47,153 INFO  [Log] **************************************************************************************** 
2024-06-12 16:13:47,153 INFO  [Log] Username entered 
2024-06-12 16:13:47,230 INFO  [Log] Password entered 
2024-06-12 16:17:03,274 INFO  [Log] **************************************************************************************** 
2024-06-12 16:17:03,282 INFO  [Log] **************************************************************************************** 
2024-06-12 16:17:03,282 INFO  [Log] $$$$$$$$$$$$$$$$$$$$$                 Login: Valid Test Scenario
       $$$$$$$$$$$$$$$$$$$$$$$$$ 
2024-06-12 16:17:03,282 INFO  [Log] **************************************************************************************** 
2024-06-12 16:17:03,282 INFO  [Log] **************************************************************************************** 
2024-06-12 16:17:03,282 INFO  [Log] Username entered 
2024-06-12 16:17:03,359 INFO  [Log] Password entered 
2024-06-12 16:23:28,496 INFO  [Log] **************************************************************************************** 
2024-06-12 16:23:28,498 INFO  [Log] **************************************************************************************** 
2024-06-12 16:23:28,499 INFO  [Log] $$$$$$$$$$$$$$$$$$$$$                 Login: Valid Test Scenario
       $$$$$$$$$$$$$$$$$$$$$$$$$ 
2024-06-12 16:23:28,499 INFO  [Log] **************************************************************************************** 
2024-06-12 16:23:28,499 INFO  [Log] **************************************************************************************** 
2024-06-12 16:23:28,499 INFO  [Log] Username entered 
2024-06-12 16:23:28,570 INFO  [Log] Password entered 
2024-06-12 16:26:18,963 INFO  [Log] **************************************************************************************** 
2024-06-12 16:26:18,963 INFO  [Log] **************************************************************************************** 
2024-06-12 16:26:18,963 INFO  [Log] $$$$$$$$$$$$$$$$$$$$$                 Login: Valid Test Scenario
       $$$$$$$$$$$$$$$$$$$$$$$$$ 
2024-06-12 16:26:18,963 INFO  [Log] **************************************************************************************** 
2024-06-12 16:26:18,963 INFO  [Log] **************************************************************************************** 
2024-06-12 16:26:18,963 INFO  [Log] Username entered 
2024-06-12 16:26:19,037 INFO  [Log] Password entered 
2024-06-13 13:22:47,603 INFO  [Log] **************************************************************************************** 
2024-06-13 13:22:47,603 INFO  [Log] **************************************************************************************** 
2024-06-13 13:22:47,603 INFO  [Log] $$$$$$$$$$$$$$$$$$$$$                 Login: Valid Test Scenario
       $$$$$$$$$$$$$$$$$$$$$$$$$ 
2024-06-13 13:22:47,603 INFO  [Log] **************************************************************************************** 
2024-06-13 13:22:47,603 INFO  [Log] **************************************************************************************** 
2024-06-13 13:22:47,603 INFO  [Log] Username entered 
2024-06-13 13:22:47,676 INFO  [Log] Password entered 
2024-06-13 13:29:48,931 INFO  [Log] **************************************************************************************** 
2024-06-13 13:29:48,933 INFO  [Log] **************************************************************************************** 
2024-06-13 13:29:48,934 INFO  [Log] $$$$$$$$$$$$$$$$$$$$$                 Login: Valid Test Scenario
       $$$$$$$$$$$$$$$$$$$$$$$$$ 
2024-06-13 13:29:48,934 INFO  [Log] **************************************************************************************** 
2024-06-13 13:29:48,934 INFO  [Log] **************************************************************************************** 
2024-06-13 13:29:48,934 INFO  [Log] Username entered 
2024-06-13 13:29:49,005 INFO  [Log] Password entered 
